[debug] [2024-12-31T02:26:25.702Z] ----------------------------------------------------------------------
[debug] [2024-12-31T02:26:25.705Z] Command:       /opt/homebrew/Cellar/node/23.3.0/bin/node /opt/homebrew/bin/firebase init
[debug] [2024-12-31T02:26:25.705Z] CLI Version:   13.29.1
[debug] [2024-12-31T02:26:25.705Z] Platform:      darwin
[debug] [2024-12-31T02:26:25.705Z] Node Version:  v23.3.0
[debug] [2024-12-31T02:26:25.706Z] Time:          Mon Dec 30 2024 20:26:25 GMT-0600 (Central Standard Time)
[debug] [2024-12-31T02:26:25.706Z] ----------------------------------------------------------------------
[debug] 
[debug] [2024-12-31T02:26:25.711Z] > command requires scopes: ["email","openid","https://www.googleapis.com/auth/cloudplatformprojects.readonly","https://www.googleapis.com/auth/firebase","https://www.googleapis.com/auth/cloud-platform"]
[debug] [2024-12-31T02:26:25.712Z] > authorizing via signed-in user (ashley.2016.yang@gmail.com)
[info] 
     ######## #### ########  ######## ########     ###     ######  ########
     ##        ##  ##     ## ##       ##     ##  ##   ##  ##       ##
     ######    ##  ########  ######   ########  #########  ######  ######
     ##        ##  ##    ##  ##       ##     ## ##     ##       ## ##
     ##       #### ##     ## ######## ########  ##     ##  ######  ########

You're about to initialize a Firebase project in this directory:

  /Users/ashleyyang/Documents/GitHub/IlluminateWebsite/Illuminate/my-app

[info] 
=== Project Setup
[info] 
[info] First, let's associate this project directory with a Firebase project.
[info] You can create multiple project aliases by running firebase use --add, 
[info] but for now we'll just set up a default project.
[info] 
[info] i  If you want to create a project in a Google Cloud organization or folder, please use "firebase projects:create" instead, and return to this command when you've created the project. 
[debug] [2024-12-31T02:26:50.647Z] Checked if tokens are valid: false, expires at: 1734565932079
[debug] [2024-12-31T02:26:50.648Z] Checked if tokens are valid: false, expires at: 1734565932079
[debug] [2024-12-31T02:26:50.648Z] > refreshing access token with scopes: []
[debug] [2024-12-31T02:26:50.651Z] >>> [apiv2][query] POST https://www.googleapis.com/oauth2/v3/token [none]
[debug] [2024-12-31T02:26:50.651Z] >>> [apiv2][body] POST https://www.googleapis.com/oauth2/v3/token [omitted]
[debug] [2024-12-31T02:26:50.804Z] <<< [apiv2][status] POST https://www.googleapis.com/oauth2/v3/token 200
[debug] [2024-12-31T02:26:50.804Z] <<< [apiv2][body] POST https://www.googleapis.com/oauth2/v3/token [omitted]
[debug] [2024-12-31T02:26:50.817Z] >>> [apiv2][query] POST https://cloudresourcemanager.googleapis.com/v1/projects [none]
[debug] [2024-12-31T02:26:50.817Z] >>> [apiv2][body] POST https://cloudresourcemanager.googleapis.com/v1/projects {"projectId":"Illuminate","name":"Illuminate"}
[debug] [2024-12-31T02:26:50.978Z] <<< [apiv2][status] POST https://cloudresourcemanager.googleapis.com/v1/projects 400
[debug] [2024-12-31T02:26:50.978Z] <<< [apiv2][body] POST https://cloudresourcemanager.googleapis.com/v1/projects {"error":{"code":400,"message":"field [project_id] has issue [project_id contains invalid characters]","status":"INVALID_ARGUMENT","details":[{"@type":"type.googleapis.com/google.rpc.BadRequest","fieldViolations":[{"field":"project_id","description":"project_id contains invalid characters"}]},{"@type":"type.googleapis.com/google.rpc.Help","links":[{"url":"https://cloud.google.com/resource-manager/reference/rest/v1/projects"}]}]}}
[debug] [2024-12-31T02:26:50.981Z] FirebaseError: Request to https://cloudresourcemanager.googleapis.com/v1/projects had HTTP Error: 400, field [project_id] has issue [project_id contains invalid characters]
    at responseToError (/opt/homebrew/lib/node_modules/firebase-tools/lib/responseToError.js:52:12)
    at RetryOperation._fn (/opt/homebrew/lib/node_modules/firebase-tools/lib/apiv2.js:312:77)
    at process.processTicksAndRejections (node:internal/process/task_queues:105:5)
[error] 
[error] Error: Failed to create project. See firebase-debug.log for more info.
